Build started 2018/1/5 20:29:22.
     1>Project "Y:\Projects\VSProjs\VS2015\Laser_sys\VS2015\Laser_sdk_lib\Laser_sdk_lib.vcxproj" on node 2 (Build target(s)).
     1>Link:
         Z:\Program Files (x86)\Microsoft Visual Studio 12.0\VC\bin\x86_amd64\link.exe /ERRORREPORT:PROMPT /OUT:"Y:\Projects\VSProjs\VS2015\Laser_sys\VS2015\x64\MDebug\Laser_sdk_lib.exe" /INCREMENTAL /NOLOGO kernel32.lib user32.lib gdi32.lib winspool.lib comdlg32.lib advapi32.lib shell32.lib ole32.lib oleaut32.lib uuid.lib odbc32.lib odbccp32.lib /MANIFEST /MANIFESTUAC:"level='asInvoker' uiAccess='false'" /manifest:embed /DEBUG /PDB:"Y:\Projects\VSProjs\VS2015\Laser_sys\VS2015\x64\MDebug\Laser_sdk_lib.pdb" /SUBSYSTEM:CONSOLE /TLBID:1 /DYNAMICBASE /NXCOMPAT /IMPLIB:"Y:\Projects\VSProjs\VS2015\Laser_sys\VS2015\x64\MDebug\Laser_sdk_lib.lib" /MACHINE:X64 x64\MDebug\LayserSDK.obj
         x64\MDebug\Tracker.obj
         x64\MDebug\SimpleThread.obj
         x64\MDebug\Test_main.obj
            Creating library Y:\Projects\VSProjs\VS2015\Laser_sys\VS2015\x64\MDebug\Laser_sdk_lib.lib and object Y:\Projects\VSProjs\VS2015\Laser_sys\VS2015\x64\MDebug\Laser_sdk_lib.exp
     1>Test_main.obj : warning LNK4217: locally defined symbol ?Start@LayserSDK@@QEAAXXZ (public: void __cdecl LayserSDK::Start(void)) imported in function main
     1>Test_main.obj : warning LNK4217: locally defined symbol ?GetChipData@LayserSDK@@QEAAPEAVTracker@@E@Z (public: class Tracker * __cdecl LayserSDK::GetChipData(unsigned char)) imported in function main
     1>Test_main.obj : error LNK2019: unresolved external symbol "__declspec(dllimport) public: __cdecl LayserSDK::LayserSDK(void)" (__imp_??0LayserSDK@@QEAA@XZ) referenced in function main
     1>Y:\Projects\VSProjs\VS2015\Laser_sys\VS2015\x64\MDebug\Laser_sdk_lib.exe : fatal error LNK1120: 1 unresolved externals
     1>Done Building Project "Y:\Projects\VSProjs\VS2015\Laser_sys\VS2015\Laser_sdk_lib\Laser_sdk_lib.vcxproj" (Build target(s)) -- FAILED.

Build FAILED.

Time Elapsed 00:00:00.09
