Build started 2018/1/5 20:31:44.
     1>Project "Y:\Projects\VSProjs\VS2015\Laser_sys\VS2015\Laser_sdk_test\Laser_sdk_test.vcxproj" on node 2 (Build target(s)).
     1>ClCompile:
         Z:\Program Files (x86)\Microsoft Visual Studio 12.0\VC\bin\x86_amd64\CL.exe /c /Zi /nologo /W3 /WX- /O2 /Oi /GL /D NDEBUG /D _CONSOLE /D _UNICODE /D UNICODE /Gm- /EHsc /MD /GS /Gy /fp:precise /Zc:wchar_t /Zc:forScope /Fo"x64\Release\\" /Fd"x64\Release\vc120.pdb" /Gd /TP /errorReport:prompt Laser_sdk_test.cpp
         Laser_sdk_test.cpp
     1>Laser_sdk_test.cpp(6): fatal error C1083: Cannot open include file: 'LayserSDK.h': No such file or directory
     1>Done Building Project "Y:\Projects\VSProjs\VS2015\Laser_sys\VS2015\Laser_sdk_test\Laser_sdk_test.vcxproj" (Build target(s)) -- FAILED.

Build FAILED.

Time Elapsed 00:00:00.09
